<?xml version="1.0" encoding="UTF-8"?>
<!-- Generated by org.testng.reporters.JUnitReportReporter -->
<testsuite skipped="0" hostname="dell-PC" name="testcases.TC001_LoginLogout" tests="2" failures="0" timestamp="2020-03-01T09:43:39 IST" time="32.316" errors="0">
  <testcase name="loginLogout" time="18.172" classname="testcases.TC001_LoginLogout"/>
  <testcase name="loginLogout" time="14.144" classname="testcases.TC001_LoginLogout"/>
</testsuite> <!-- testcases.TC001_LoginLogout -->
